<?xml version="1.0" encoding="UTF-8"?>
<!-- Generated by org.testng.reporters.JUnitReportReporter -->
<testsuite hostname="DESKTOP-2JBFBCA" failures="0" tests="1" name="files.DynamicJson" time="4.173" errors="0" timestamp="2022-07-12T13:07:58 EDT" skipped="0">
  <testcase classname="files.DynamicJson" name="addBook" time="4.173"/>
  <system-out/>
</testsuite> <!-- files.DynamicJson -->
