<?xml version="1.0" encoding="UTF-8"?>
<!-- Generated by org.testng.reporters.JUnitReportReporter -->
<testsuite hostname="DESKTOP-2JBFBCA" failures="0" tests="1" name="SumValidation" time="1.973" errors="0" timestamp="2022-07-12T12:06:44 EDT" skipped="0">
  <testcase classname="SumValidation" name="sumOfCourses" time="1.973"/>
  <system-out/>
</testsuite> <!-- SumValidation -->
